<?xml version="1.0" encoding="UTF-8"?>
<!-- Generated by org.testng.reporters.JUnitReportReporter -->
<testsuite skipped="0" hostname="PunitRanjan2105" name="com.Punit_Automation_Scripts.Create_Organization" tests="1" failures="0" timestamp="2022-03-28T15:10:36 IST" time="63.586" errors="0">
  <testcase name="create_organization" time="63.586" classname="com.Punit_Automation_Scripts.Create_Organization"/>
  <system-out/>
</testsuite> <!-- com.Punit_Automation_Scripts.Create_Organization -->
